infilename: /home/LiJB/cuda_project/TC-compare-V100/data/tsv_dataset/graph500-scale25-ef16/data.tsv
outPath: /home/LiJB/cuda_project/TC-compare-V100/data/csr_dataset/graph500-scale25-ef16/
load ok
select ok
delete ok
writeback ok
infilename: /home/LiJB/cuda_project/TC-compare-V100/data/tsv_dataset/k-mer-graph4/data.tsv
outPath: /home/LiJB/cuda_project/TC-compare-V100/data/csr_dataset/k-mer-graph4/
load ok
select ok
delete ok
writeback ok
infilename: /home/LiJB/cuda_project/TC-compare-V100/data/tsv_dataset/k-mer-graph5/data.tsv
outPath: /home/LiJB/cuda_project/TC-compare-V100/data/csr_dataset/k-mer-graph5/
load ok
select ok
delete ok
writeback ok
infilename: /home/LiJB/cuda_project/TC-compare-V100/data/tsv_dataset/MAWI-graph4/data.tsv
outPath: /home/LiJB/cuda_project/TC-compare-V100/data/csr_dataset/MAWI-graph4/
load ok
select ok
delete ok
writeback ok
infilename: /home/LiJB/cuda_project/TC-compare-V100/data/tsv_dataset/MAWI-graph5/data.tsv
outPath: /home/LiJB/cuda_project/TC-compare-V100/data/csr_dataset/MAWI-graph5/
load ok
select ok
delete ok
writeback ok
